

Started GET "/" for 127.0.0.1 at 2011-02-03 20:29:51 +0100

ActionController::RoutingError (No route matches "/"):
  

Rendered /var/lib/gems/1.9.1/gems/actionpack-3.0.0/lib/action_dispatch/middleware/templates/rescues/routing_error.erb within rescues/layout (4.7ms)


Started GET "/" for 127.0.0.1 at 2011-02-03 20:31:47 +0100
  [1m[36mSQL (0.8ms)[0m  [1m SELECT name
 FROM sqlite_master
 WHERE type = 'table' AND NOT name = 'sqlite_sequence'
[0m
  [1m[35mCategory Load (1.1ms)[0m  SELECT "categories".* FROM "categories"
SQLite3::SQLException: no such table: categories: SELECT     "categories".* FROM       "categories"

ActiveRecord::StatementInvalid (SQLite3::SQLException: no such table: categories: SELECT     "categories".* FROM       "categories"):
  app/controllers/application_controller.rb:9:in `<class:ApplicationController>'
  app/controllers/application_controller.rb:4:in `<top (required)>'
  app/controllers/articles_controller.rb:1:in `<top (required)>'

Rendered /var/lib/gems/1.9.1/gems/actionpack-3.0.0/lib/action_dispatch/middleware/templates/rescues/_trace.erb (5.0ms)
Rendered /var/lib/gems/1.9.1/gems/actionpack-3.0.0/lib/action_dispatch/middleware/templates/rescues/_request_and_response.erb (57.1ms)
Rendered /var/lib/gems/1.9.1/gems/actionpack-3.0.0/lib/action_dispatch/middleware/templates/rescues/diagnostics.erb within rescues/layout (77.9ms)
  [1m[36mSQL (1.7ms)[0m  [1m SELECT name
 FROM sqlite_master
 WHERE type = 'table' AND NOT name = 'sqlite_sequence'
[0m
  [1m[35mSQL (0.7ms)[0m   SELECT name
 FROM sqlite_master
 WHERE type = 'table' AND NOT name = 'sqlite_sequence'
  [1m[36mSQL (0.5ms)[0m  [1mSELECT "schema_migrations"."version" FROM "schema_migrations"[0m
Migrating to CreateArticles (20101206193222)
Migrating to CreateCategories (20101206193245)
  [1m[35mSQL (0.5ms)[0m  select sqlite_version(*)
  [1m[36mSQL (0.6ms)[0m  [1m SELECT name
 FROM sqlite_master
 WHERE type = 'table' AND NOT name = 'sqlite_sequence'
[0m
  [1m[35mSQL (0.5ms)[0m  SELECT "schema_migrations"."version" FROM "schema_migrations"
  [1m[36mSQL (2.5ms)[0m  [1m SELECT name
 FROM sqlite_master
 WHERE type = 'table' AND NOT name = 'sqlite_sequence'
[0m
  [1m[35mSQL (0.2ms)[0m  PRAGMA index_list("articles")
  [1m[36mSQL (0.2ms)[0m  [1mPRAGMA index_list("categories")[0m


Started GET "/" for 127.0.0.1 at 2011-02-03 20:33:36 +0100
  [1m[36mSQL (1.8ms)[0m  [1m SELECT name
 FROM sqlite_master
 WHERE type = 'table' AND NOT name = 'sqlite_sequence'
[0m
  [1m[35mCategory Load (0.4ms)[0m  SELECT "categories".* FROM "categories"
  Processing by ArticlesController#index as HTML
  [1m[36mCACHE (0.0ms)[0m  [1mSELECT "categories".* FROM "categories"[0m
  [1m[35mArticle Load (0.5ms)[0m  SELECT "articles".* FROM "articles"
Rendered articles/index.html.erb within layouts/application (13.4ms)
Completed 200 OK in 132ms (Views: 23.6ms | ActiveRecord: 2.7ms)
DEPRECATION WARNING: :name_prefix was deprecated in the new router syntax. Use :as instead. (called from block in <top (required)> at /home/adam/RubyOnRails/CeeMeS/config/routes.rb:2)
DEPRECATION WARNING: :name_prefix was deprecated in the new router syntax. Use :as instead. (called from block in <top (required)> at /home/adam/RubyOnRails/CeeMeS/config/routes.rb:2)


Started GET "/" for 127.0.0.1 at 2011-02-06 13:51:21 +0100
  [1m[36mSQL (1.7ms)[0m  [1m SELECT name
 FROM sqlite_master
 WHERE type = 'table' AND NOT name = 'sqlite_sequence'
[0m
  [1m[35mCategory Load (0.4ms)[0m  SELECT "categories".* FROM "categories"
  [1m[36mArticle Load (0.5ms)[0m  [1mSELECT "articles".* FROM "articles"[0m
  Processing by ArticlesController#index as HTML
  [1m[35mArticle Load (0.6ms)[0m  SELECT "articles".* FROM "articles" ORDER BY created_at DESC LIMIT 5 OFFSET 0
  [1m[36mCACHE (0.0ms)[0m  [1mSELECT "categories".* FROM "categories"[0m
  [1m[35mCACHE (0.0ms)[0m  SELECT "categories".* FROM "categories"
Rendered articles/index.html.erb within layouts/application (26.4ms)
Completed 200 OK in 41ms (Views: 35.4ms | ActiveRecord: 3.2ms)
DEPRECATION WARNING: :name_prefix was deprecated in the new router syntax. Use :as instead. (called from block in <top (required)> at /home/adam/RubyOnRails/CeeMeS/config/routes.rb:2)
DEPRECATION WARNING: :name_prefix was deprecated in the new router syntax. Use :as instead. (called from block in <top (required)> at /home/adam/RubyOnRails/CeeMeS/config/routes.rb:2)
  [1m[36mSQL (1.8ms)[0m  [1m SELECT name
 FROM sqlite_master
 WHERE type = 'table' AND NOT name = 'sqlite_sequence'
[0m
  [1m[35mSQL (0.7ms)[0m   SELECT name
 FROM sqlite_master
 WHERE type = 'table' AND NOT name = 'sqlite_sequence'
  [1m[36mSQL (0.6ms)[0m  [1mSELECT "schema_migrations"."version" FROM "schema_migrations"[0m
DEPRECATION WARNING: :name_prefix was deprecated in the new router syntax. Use :as instead. (called from block in <top (required)> at /home/adam/RubyOnRails/CeeMeS/config/routes.rb:2)
DEPRECATION WARNING: :name_prefix was deprecated in the new router syntax. Use :as instead. (called from block in <top (required)> at /home/adam/RubyOnRails/CeeMeS/config/routes.rb:2)
  [1m[36mSQL (1.8ms)[0m  [1m SELECT name
 FROM sqlite_master
 WHERE type = 'table' AND NOT name = 'sqlite_sequence'
[0m
  [1m[35mSQL (0.8ms)[0m   SELECT name
 FROM sqlite_master
 WHERE type = 'table' AND NOT name = 'sqlite_sequence'
  [1m[36mSQL (0.5ms)[0m  [1mSELECT "schema_migrations"."version" FROM "schema_migrations"[0m
Migrating to CreateArticles (20101206193222)
Migrating to CreateCategories (20101206193245)
Migrating to DeviseCreateEditors (20110204224241)
  [1m[35mSQL (0.4ms)[0m  select sqlite_version(*)
  [1m[36mSQL (1.1ms)[0m  [1mCREATE TABLE "editors" ("id" INTEGER PRIMARY KEY AUTOINCREMENT NOT NULL, "email" varchar(255) DEFAULT '' NOT NULL, "encrypted_password" varchar(128) DEFAULT '' NOT NULL, "password_salt" varchar(255) DEFAULT '' NOT NULL, "reset_password_token" varchar(255), "remember_token" varchar(255), "remember_created_at" datetime, "sign_in_count" integer DEFAULT 0, "current_sign_in_at" datetime, "last_sign_in_at" datetime, "current_sign_in_ip" varchar(255), "last_sign_in_ip" varchar(255), "created_at" datetime, "updated_at" datetime) [0m
  [1m[35mSQL (0.2ms)[0m  PRAGMA index_list("editors")
  [1m[36mSQL (0.7ms)[0m  [1mCREATE UNIQUE INDEX "index_editors_on_email" ON "editors" ("email")[0m
  [1m[35mSQL (0.5ms)[0m  PRAGMA index_list("editors")
  [1m[36mSQL (0.3ms)[0m  [1mPRAGMA index_info('index_editors_on_email')[0m
  [1m[35mSQL (0.6ms)[0m  CREATE UNIQUE INDEX "index_editors_on_reset_password_token" ON "editors" ("reset_password_token")
  [1m[36mSQL (0.4ms)[0m  [1mINSERT INTO "schema_migrations" ("version") VALUES ('20110204224241')[0m
  [1m[35mSQL (0.8ms)[0m   SELECT name
 FROM sqlite_master
 WHERE type = 'table' AND NOT name = 'sqlite_sequence'
  [1m[36mSQL (0.7ms)[0m  [1mSELECT "schema_migrations"."version" FROM "schema_migrations"[0m
  [1m[35mSQL (0.7ms)[0m   SELECT name
 FROM sqlite_master
 WHERE type = 'table' AND NOT name = 'sqlite_sequence'
  [1m[36mSQL (0.2ms)[0m  [1mPRAGMA index_list("articles")[0m
  [1m[35mSQL (0.2ms)[0m  PRAGMA index_list("categories")
  [1m[36mSQL (0.5ms)[0m  [1mPRAGMA index_list("editors")[0m
  [1m[35mSQL (0.4ms)[0m  PRAGMA index_info('index_editors_on_reset_password_token')
  [1m[36mSQL (0.4ms)[0m  [1mPRAGMA index_info('index_editors_on_email')[0m
DEPRECATION WARNING: :name_prefix was deprecated in the new router syntax. Use :as instead. (called from block in <top (required)> at /home/adam/RubyOnRails/CeeMeS/config/routes.rb:2)
DEPRECATION WARNING: :name_prefix was deprecated in the new router syntax. Use :as instead. (called from block in <top (required)> at /home/adam/RubyOnRails/CeeMeS/config/routes.rb:2)
  [1m[36mSQL (2.0ms)[0m  [1m SELECT name
 FROM sqlite_master
 WHERE type = 'table' AND NOT name = 'sqlite_sequence'
[0m
  [1m[35mSQL (0.8ms)[0m   SELECT name
 FROM sqlite_master
 WHERE type = 'table' AND NOT name = 'sqlite_sequence'
  [1m[36mSQL (0.6ms)[0m  [1mSELECT "schema_migrations"."version" FROM "schema_migrations"[0m
  [1m[35mSQL (0.4ms)[0m  select sqlite_version(*)
  [1m[36mSQL (0.5ms)[0m  [1m SELECT name
 FROM sqlite_master
 WHERE type = 'table' AND NOT name = 'sqlite_sequence'
[0m
  [1m[35mSQL (2546.2ms)[0m  CREATE TABLE "articles" ("id" INTEGER PRIMARY KEY AUTOINCREMENT NOT NULL, "title" varchar(255), "content" varchar(255), "category_id" integer, "created_at" datetime, "updated_at" datetime) 
  [1m[36mSQL (0.9ms)[0m  [1m SELECT name
 FROM sqlite_master
 WHERE type = 'table' AND NOT name = 'sqlite_sequence'
[0m
  [1m[35mSQL (1341.9ms)[0m  CREATE TABLE "categories" ("id" INTEGER PRIMARY KEY AUTOINCREMENT NOT NULL, "name" varchar(255), "created_at" datetime, "updated_at" datetime) 
  [1m[36mSQL (0.9ms)[0m  [1m SELECT name
 FROM sqlite_master
 WHERE type = 'table' AND NOT name = 'sqlite_sequence'
[0m
  [1m[35mSQL (24.8ms)[0m  CREATE TABLE "editors" ("id" INTEGER PRIMARY KEY AUTOINCREMENT NOT NULL, "email" varchar(255) DEFAULT '' NOT NULL, "encrypted_password" varchar(128) DEFAULT '' NOT NULL, "password_salt" varchar(255) DEFAULT '' NOT NULL, "reset_password_token" varchar(255), "remember_token" varchar(255), "remember_created_at" datetime, "sign_in_count" integer DEFAULT 0, "current_sign_in_at" datetime, "last_sign_in_at" datetime, "current_sign_in_ip" varchar(255), "last_sign_in_ip" varchar(255), "created_at" datetime, "updated_at" datetime) 
  [1m[36mSQL (0.3ms)[0m  [1mPRAGMA index_list("editors")[0m
  [1m[35mSQL (24.1ms)[0m  CREATE UNIQUE INDEX "index_editors_on_email" ON "editors" ("email")
  [1m[36mSQL (0.8ms)[0m  [1mPRAGMA index_list("editors")[0m
  [1m[35mSQL (0.9ms)[0m  PRAGMA index_info('index_editors_on_email')
  [1m[36mSQL (25.4ms)[0m  [1mCREATE UNIQUE INDEX "index_editors_on_reset_password_token" ON "editors" ("reset_password_token")[0m
  [1m[35mSQL (1.2ms)[0m   SELECT name
 FROM sqlite_master
 WHERE type = 'table' AND NOT name = 'sqlite_sequence'
  [1m[36mSQL (27.1ms)[0m  [1mCREATE TABLE "schema_migrations" ("version" varchar(255) NOT NULL) [0m
  [1m[35mSQL (1.1ms)[0m  PRAGMA index_list("schema_migrations")
  [1m[36mSQL (25.3ms)[0m  [1mCREATE UNIQUE INDEX "unique_schema_migrations" ON "schema_migrations" ("version")[0m
  [1m[35mSQL (1.6ms)[0m   SELECT name
 FROM sqlite_master
 WHERE type = 'table' AND NOT name = 'sqlite_sequence'
  [1m[36mSQL (0.5ms)[0m  [1mSELECT version FROM "schema_migrations"[0m
  [1m[35mSQL (26.3ms)[0m  INSERT INTO "schema_migrations" (version) VALUES ('20110204224241')
  [1m[36mSQL (24.9ms)[0m  [1mINSERT INTO "schema_migrations" (version) VALUES ('20101206193222')[0m
  [1m[35mSQL (27.3ms)[0m  INSERT INTO "schema_migrations" (version) VALUES ('20101206193245')
  [1m[36mSQL (2.0ms)[0m  [1m SELECT name
 FROM sqlite_master
 WHERE type = 'table' AND NOT name = 'sqlite_sequence'
[0m
  [1m[35mSQL (0.8ms)[0m   SELECT name
 FROM sqlite_master
 WHERE type = 'table' AND NOT name = 'sqlite_sequence'
  [1m[36mSQL (0.6ms)[0m  [1mSELECT "schema_migrations"."version" FROM "schema_migrations"[0m
  [1m[35mSQL (0.5ms)[0m  select sqlite_version(*)
  [1m[36mSQL (0.5ms)[0m  [1m SELECT name
 FROM sqlite_master
 WHERE type = 'table' AND NOT name = 'sqlite_sequence'
[0m
  [1m[35mSQL (235.1ms)[0m  CREATE TABLE "articles" ("id" INTEGER PRIMARY KEY AUTOINCREMENT NOT NULL, "title" varchar(255), "content" varchar(255), "category_id" integer, "created_at" datetime, "updated_at" datetime) 
  [1m[36mSQL (0.9ms)[0m  [1m SELECT name
 FROM sqlite_master
 WHERE type = 'table' AND NOT name = 'sqlite_sequence'
[0m
  [1m[35mSQL (24.6ms)[0m  CREATE TABLE "categories" ("id" INTEGER PRIMARY KEY AUTOINCREMENT NOT NULL, "name" varchar(255), "created_at" datetime, "updated_at" datetime) 
  [1m[36mSQL (1.1ms)[0m  [1m SELECT name
 FROM sqlite_master
 WHERE type = 'table' AND NOT name = 'sqlite_sequence'
[0m
  [1m[35mSQL (27.9ms)[0m  CREATE TABLE "editors" ("id" INTEGER PRIMARY KEY AUTOINCREMENT NOT NULL, "email" varchar(255) DEFAULT '' NOT NULL, "encrypted_password" varchar(128) DEFAULT '' NOT NULL, "password_salt" varchar(255) DEFAULT '' NOT NULL, "reset_password_token" varchar(255), "remember_token" varchar(255), "remember_created_at" datetime, "sign_in_count" integer DEFAULT 0, "current_sign_in_at" datetime, "last_sign_in_at" datetime, "current_sign_in_ip" varchar(255), "last_sign_in_ip" varchar(255), "created_at" datetime, "updated_at" datetime) 
  [1m[36mSQL (0.3ms)[0m  [1mPRAGMA index_list("editors")[0m
  [1m[35mSQL (24.5ms)[0m  CREATE UNIQUE INDEX "index_editors_on_email" ON "editors" ("email")
  [1m[36mSQL (0.8ms)[0m  [1mPRAGMA index_list("editors")[0m
  [1m[35mSQL (0.6ms)[0m  PRAGMA index_info('index_editors_on_email')
  [1m[36mSQL (28.7ms)[0m  [1mCREATE UNIQUE INDEX "index_editors_on_reset_password_token" ON "editors" ("reset_password_token")[0m
  [1m[35mSQL (1.2ms)[0m   SELECT name
 FROM sqlite_master
 WHERE type = 'table' AND NOT name = 'sqlite_sequence'
  [1m[36mSQL (27.9ms)[0m  [1mCREATE TABLE "schema_migrations" ("version" varchar(255) NOT NULL) [0m
  [1m[35mSQL (0.3ms)[0m  PRAGMA index_list("schema_migrations")
  [1m[36mSQL (27.9ms)[0m  [1mCREATE UNIQUE INDEX "unique_schema_migrations" ON "schema_migrations" ("version")[0m
  [1m[35mSQL (1.3ms)[0m   SELECT name
 FROM sqlite_master
 WHERE type = 'table' AND NOT name = 'sqlite_sequence'
  [1m[36mSQL (0.5ms)[0m  [1mSELECT version FROM "schema_migrations"[0m
  [1m[35mSQL (25.5ms)[0m  INSERT INTO "schema_migrations" (version) VALUES ('20110204224241')
  [1m[36mSQL (26.7ms)[0m  [1mINSERT INTO "schema_migrations" (version) VALUES ('20101206193222')[0m
  [1m[35mSQL (27.6ms)[0m  INSERT INTO "schema_migrations" (version) VALUES ('20101206193245')
DEPRECATION WARNING: :name_prefix was deprecated in the new router syntax. Use :as instead. (called from block in <top (required)> at /home/adam/RubyOnRails/CeeMeS/config/routes.rb:2)
DEPRECATION WARNING: :name_prefix was deprecated in the new router syntax. Use :as instead. (called from block in <top (required)> at /home/adam/RubyOnRails/CeeMeS/config/routes.rb:2)
  [1m[36mSQL (2.0ms)[0m  [1m SELECT name
 FROM sqlite_master
 WHERE type = 'table' AND NOT name = 'sqlite_sequence'
[0m
  [1m[35mSQL (0.8ms)[0m   SELECT name
 FROM sqlite_master
 WHERE type = 'table' AND NOT name = 'sqlite_sequence'
  [1m[36mSQL (0.6ms)[0m  [1mSELECT "schema_migrations"."version" FROM "schema_migrations"[0m
  [1m[35mSQL (0.4ms)[0m  select sqlite_version(*)
  [1m[36mSQL (0.5ms)[0m  [1m SELECT name
 FROM sqlite_master
 WHERE type = 'table' AND NOT name = 'sqlite_sequence'
[0m
  [1m[35mSQL (489.2ms)[0m  CREATE TABLE "articles" ("id" INTEGER PRIMARY KEY AUTOINCREMENT NOT NULL, "title" varchar(255), "content" varchar(255), "category_id" integer, "created_at" datetime, "updated_at" datetime) 
  [1m[36mSQL (1.0ms)[0m  [1m SELECT name
 FROM sqlite_master
 WHERE type = 'table' AND NOT name = 'sqlite_sequence'
[0m
  [1m[35mSQL (24.6ms)[0m  CREATE TABLE "categories" ("id" INTEGER PRIMARY KEY AUTOINCREMENT NOT NULL, "name" varchar(255), "created_at" datetime, "updated_at" datetime) 
  [1m[36mSQL (1.0ms)[0m  [1m SELECT name
 FROM sqlite_master
 WHERE type = 'table' AND NOT name = 'sqlite_sequence'
[0m
  [1m[35mSQL (21.7ms)[0m  CREATE TABLE "editors" ("id" INTEGER PRIMARY KEY AUTOINCREMENT NOT NULL, "email" varchar(255) DEFAULT '' NOT NULL, "encrypted_password" varchar(128) DEFAULT '' NOT NULL, "password_salt" varchar(255) DEFAULT '' NOT NULL, "reset_password_token" varchar(255), "remember_token" varchar(255), "remember_created_at" datetime, "sign_in_count" integer DEFAULT 0, "current_sign_in_at" datetime, "last_sign_in_at" datetime, "current_sign_in_ip" varchar(255), "last_sign_in_ip" varchar(255), "created_at" datetime, "updated_at" datetime) 
  [1m[36mSQL (0.4ms)[0m  [1mPRAGMA index_list("editors")[0m
  [1m[35mSQL (22.2ms)[0m  CREATE UNIQUE INDEX "index_editors_on_email" ON "editors" ("email")
  [1m[36mSQL (0.8ms)[0m  [1mPRAGMA index_list("editors")[0m
  [1m[35mSQL (0.7ms)[0m  PRAGMA index_info('index_editors_on_email')
  [1m[36mSQL (22.9ms)[0m  [1mCREATE UNIQUE INDEX "index_editors_on_reset_password_token" ON "editors" ("reset_password_token")[0m
  [1m[35mSQL (1.1ms)[0m   SELECT name
 FROM sqlite_master
 WHERE type = 'table' AND NOT name = 'sqlite_sequence'
  [1m[36mSQL (23.0ms)[0m  [1mCREATE TABLE "schema_migrations" ("version" varchar(255) NOT NULL) [0m
  [1m[35mSQL (0.3ms)[0m  PRAGMA index_list("schema_migrations")
  [1m[36mSQL (21.6ms)[0m  [1mCREATE UNIQUE INDEX "unique_schema_migrations" ON "schema_migrations" ("version")[0m
  [1m[35mSQL (1.4ms)[0m   SELECT name
 FROM sqlite_master
 WHERE type = 'table' AND NOT name = 'sqlite_sequence'
  [1m[36mSQL (0.5ms)[0m  [1mSELECT version FROM "schema_migrations"[0m
  [1m[35mSQL (18.4ms)[0m  INSERT INTO "schema_migrations" (version) VALUES ('20110204224241')
  [1m[36mSQL (22.4ms)[0m  [1mINSERT INTO "schema_migrations" (version) VALUES ('20101206193222')[0m
  [1m[35mSQL (20.0ms)[0m  INSERT INTO "schema_migrations" (version) VALUES ('20101206193245')
DEPRECATION WARNING: The I18n message 'devise.mailer.confirmation_instructions' is deprecated. Please use 'devise.mailer.confirmation_instructions.subject' instead. (called from <top (required)> at /home/adam/RubyOnRails/CeeMeS/config/environment.rb:5)
DEPRECATION WARNING: The I18n message 'devise.mailer.reset_password_instructions' is deprecated. Please use 'devise.mailer.reset_password_instructions.subject' instead. (called from <top (required)> at /home/adam/RubyOnRails/CeeMeS/config/environment.rb:5)
DEPRECATION WARNING: The I18n message 'devise.mailer.unlock_instructions' is deprecated. Please use 'devise.mailer.unlock_instructions.subject' instead. (called from <top (required)> at /home/adam/RubyOnRails/CeeMeS/config/environment.rb:5)
  [1m[36mSQL (2.1ms)[0m  [1m SELECT name
 FROM sqlite_master
 WHERE type = 'table' AND NOT name = 'sqlite_sequence'
[0m
  [1m[35mSQL (1.0ms)[0m   SELECT name
 FROM sqlite_master
 WHERE type = 'table' AND NOT name = 'sqlite_sequence'
  [1m[36mSQL (0.6ms)[0m  [1mSELECT "schema_migrations"."version" FROM "schema_migrations"[0m
  [1m[35mSQL (0.4ms)[0m  select sqlite_version(*)
  [1m[36mSQL (0.5ms)[0m  [1m SELECT name
 FROM sqlite_master
 WHERE type = 'table' AND NOT name = 'sqlite_sequence'
[0m
  [1m[35mSQL (8011.0ms)[0m  CREATE TABLE "articles" ("id" INTEGER PRIMARY KEY AUTOINCREMENT NOT NULL, "title" varchar(255), "content" varchar(255), "category_id" integer, "created_at" datetime, "updated_at" datetime) 
  [1m[36mSQL (0.9ms)[0m  [1m SELECT name
 FROM sqlite_master
 WHERE type = 'table' AND NOT name = 'sqlite_sequence'
[0m
  [1m[35mSQL (294.7ms)[0m  CREATE TABLE "categories" ("id" INTEGER PRIMARY KEY AUTOINCREMENT NOT NULL, "name" varchar(255), "created_at" datetime, "updated_at" datetime) 
  [1m[36mSQL (1.1ms)[0m  [1m SELECT name
 FROM sqlite_master
 WHERE type = 'table' AND NOT name = 'sqlite_sequence'
[0m
  [1m[35mSQL (25.5ms)[0m  CREATE TABLE "editors" ("id" INTEGER PRIMARY KEY AUTOINCREMENT NOT NULL, "email" varchar(255) DEFAULT '' NOT NULL, "encrypted_password" varchar(128) DEFAULT '' NOT NULL, "password_salt" varchar(255) DEFAULT '' NOT NULL, "reset_password_token" varchar(255), "remember_token" varchar(255), "remember_created_at" datetime, "sign_in_count" integer DEFAULT 0, "current_sign_in_at" datetime, "last_sign_in_at" datetime, "current_sign_in_ip" varchar(255), "last_sign_in_ip" varchar(255), "created_at" datetime, "updated_at" datetime) 
  [1m[36mSQL (0.3ms)[0m  [1mPRAGMA index_list("editors")[0m
  [1m[35mSQL (23.0ms)[0m  CREATE UNIQUE INDEX "index_editors_on_email" ON "editors" ("email")
  [1m[36mSQL (1.3ms)[0m  [1mPRAGMA index_list("editors")[0m
  [1m[35mSQL (0.7ms)[0m  PRAGMA index_info('index_editors_on_email')
  [1m[36mSQL (21.4ms)[0m  [1mCREATE UNIQUE INDEX "index_editors_on_reset_password_token" ON "editors" ("reset_password_token")[0m
  [1m[35mSQL (1.2ms)[0m   SELECT name
 FROM sqlite_master
 WHERE type = 'table' AND NOT name = 'sqlite_sequence'
  [1m[36mSQL (23.0ms)[0m  [1mCREATE TABLE "schema_migrations" ("version" varchar(255) NOT NULL) [0m
  [1m[35mSQL (0.3ms)[0m  PRAGMA index_list("schema_migrations")
  [1m[36mSQL (20.8ms)[0m  [1mCREATE UNIQUE INDEX "unique_schema_migrations" ON "schema_migrations" ("version")[0m
  [1m[35mSQL (1.7ms)[0m   SELECT name
 FROM sqlite_master
 WHERE type = 'table' AND NOT name = 'sqlite_sequence'
  [1m[36mSQL (0.6ms)[0m  [1mSELECT version FROM "schema_migrations"[0m
  [1m[35mSQL (20.8ms)[0m  INSERT INTO "schema_migrations" (version) VALUES ('20110204224241')
  [1m[36mSQL (19.6ms)[0m  [1mINSERT INTO "schema_migrations" (version) VALUES ('20101206193222')[0m
  [1m[35mSQL (25.3ms)[0m  INSERT INTO "schema_migrations" (version) VALUES ('20101206193245')
DEPRECATION WARNING: The I18n message 'devise.mailer.confirmation_instructions' is deprecated. Please use 'devise.mailer.confirmation_instructions.subject' instead. (called from <top (required)> at /home/adam/RubyOnRails/CeeMeS/config/environment.rb:5)
DEPRECATION WARNING: The I18n message 'devise.mailer.reset_password_instructions' is deprecated. Please use 'devise.mailer.reset_password_instructions.subject' instead. (called from <top (required)> at /home/adam/RubyOnRails/CeeMeS/config/environment.rb:5)
DEPRECATION WARNING: The I18n message 'devise.mailer.unlock_instructions' is deprecated. Please use 'devise.mailer.unlock_instructions.subject' instead. (called from <top (required)> at /home/adam/RubyOnRails/CeeMeS/config/environment.rb:5)
  [1m[36mSQL (2.1ms)[0m  [1m SELECT name
 FROM sqlite_master
 WHERE type = 'table' AND NOT name = 'sqlite_sequence'
[0m
  [1m[35mSQL (0.8ms)[0m   SELECT name
 FROM sqlite_master
 WHERE type = 'table' AND NOT name = 'sqlite_sequence'
  [1m[36mSQL (0.7ms)[0m  [1mSELECT "schema_migrations"."version" FROM "schema_migrations"[0m
  [1m[35mSQL (0.4ms)[0m  select sqlite_version(*)
  [1m[36mSQL (0.6ms)[0m  [1m SELECT name
 FROM sqlite_master
 WHERE type = 'table' AND NOT name = 'sqlite_sequence'
[0m
  [1m[35mSQL (890.9ms)[0m  CREATE TABLE "articles" ("id" INTEGER PRIMARY KEY AUTOINCREMENT NOT NULL, "title" varchar(255), "content" varchar(255), "category_id" integer, "created_at" datetime, "updated_at" datetime) 
  [1m[36mSQL (1.1ms)[0m  [1m SELECT name
 FROM sqlite_master
 WHERE type = 'table' AND NOT name = 'sqlite_sequence'
[0m
  [1m[35mSQL (240.9ms)[0m  CREATE TABLE "categories" ("id" INTEGER PRIMARY KEY AUTOINCREMENT NOT NULL, "name" varchar(255), "created_at" datetime, "updated_at" datetime) 
  [1m[36mSQL (1.1ms)[0m  [1m SELECT name
 FROM sqlite_master
 WHERE type = 'table' AND NOT name = 'sqlite_sequence'
[0m
  [1m[35mSQL (520.6ms)[0m  CREATE TABLE "editors" ("id" INTEGER PRIMARY KEY AUTOINCREMENT NOT NULL, "email" varchar(255) DEFAULT '' NOT NULL, "encrypted_password" varchar(128) DEFAULT '' NOT NULL, "password_salt" varchar(255) DEFAULT '' NOT NULL, "reset_password_token" varchar(255), "remember_token" varchar(255), "remember_created_at" datetime, "sign_in_count" integer DEFAULT 0, "current_sign_in_at" datetime, "last_sign_in_at" datetime, "current_sign_in_ip" varchar(255), "last_sign_in_ip" varchar(255), "created_at" datetime, "updated_at" datetime) 
  [1m[36mSQL (0.3ms)[0m  [1mPRAGMA index_list("editors")[0m
  [1m[35mSQL (1285.0ms)[0m  CREATE UNIQUE INDEX "index_editors_on_email" ON "editors" ("email")
  [1m[36mSQL (0.8ms)[0m  [1mPRAGMA index_list("editors")[0m
  [1m[35mSQL (0.7ms)[0m  PRAGMA index_info('index_editors_on_email')
  [1m[36mSQL (327.4ms)[0m  [1mCREATE UNIQUE INDEX "index_editors_on_reset_password_token" ON "editors" ("reset_password_token")[0m
  [1m[35mSQL (1.2ms)[0m   SELECT name
 FROM sqlite_master
 WHERE type = 'table' AND NOT name = 'sqlite_sequence'
  [1m[36mSQL (260.5ms)[0m  [1mCREATE TABLE "schema_migrations" ("version" varchar(255) NOT NULL) [0m
  [1m[35mSQL (0.3ms)[0m  PRAGMA index_list("schema_migrations")
  [1m[36mSQL (24.1ms)[0m  [1mCREATE UNIQUE INDEX "unique_schema_migrations" ON "schema_migrations" ("version")[0m
  [1m[35mSQL (1.3ms)[0m   SELECT name
 FROM sqlite_master
 WHERE type = 'table' AND NOT name = 'sqlite_sequence'
  [1m[36mSQL (0.5ms)[0m  [1mSELECT version FROM "schema_migrations"[0m
  [1m[35mSQL (27.8ms)[0m  INSERT INTO "schema_migrations" (version) VALUES ('20110204224241')
  [1m[36mSQL (21.9ms)[0m  [1mINSERT INTO "schema_migrations" (version) VALUES ('20101206193222')[0m
  [1m[35mSQL (32.5ms)[0m  INSERT INTO "schema_migrations" (version) VALUES ('20101206193245')
DEPRECATION WARNING: The I18n message 'devise.mailer.confirmation_instructions' is deprecated. Please use 'devise.mailer.confirmation_instructions.subject' instead. (called from <top (required)> at /home/adam/RubyOnRails/CeeMeS/config/environment.rb:5)
DEPRECATION WARNING: The I18n message 'devise.mailer.reset_password_instructions' is deprecated. Please use 'devise.mailer.reset_password_instructions.subject' instead. (called from <top (required)> at /home/adam/RubyOnRails/CeeMeS/config/environment.rb:5)
DEPRECATION WARNING: The I18n message 'devise.mailer.unlock_instructions' is deprecated. Please use 'devise.mailer.unlock_instructions.subject' instead. (called from <top (required)> at /home/adam/RubyOnRails/CeeMeS/config/environment.rb:5)
  [1m[36mSQL (2.1ms)[0m  [1m SELECT name
 FROM sqlite_master
 WHERE type = 'table' AND NOT name = 'sqlite_sequence'
[0m
  [1m[35mSQL (0.8ms)[0m   SELECT name
 FROM sqlite_master
 WHERE type = 'table' AND NOT name = 'sqlite_sequence'
  [1m[36mSQL (0.7ms)[0m  [1mSELECT "schema_migrations"."version" FROM "schema_migrations"[0m
  [1m[35mSQL (0.4ms)[0m  select sqlite_version(*)
  [1m[36mSQL (0.8ms)[0m  [1m SELECT name
 FROM sqlite_master
 WHERE type = 'table' AND NOT name = 'sqlite_sequence'
[0m
  [1m[35mSQL (714.5ms)[0m  CREATE TABLE "articles" ("id" INTEGER PRIMARY KEY AUTOINCREMENT NOT NULL, "title" varchar(255), "content" varchar(255), "category_id" integer, "created_at" datetime, "updated_at" datetime) 
  [1m[36mSQL (1.1ms)[0m  [1m SELECT name
 FROM sqlite_master
 WHERE type = 'table' AND NOT name = 'sqlite_sequence'
[0m
  [1m[35mSQL (19.9ms)[0m  CREATE TABLE "categories" ("id" INTEGER PRIMARY KEY AUTOINCREMENT NOT NULL, "name" varchar(255), "created_at" datetime, "updated_at" datetime) 
  [1m[36mSQL (1.0ms)[0m  [1m SELECT name
 FROM sqlite_master
 WHERE type = 'table' AND NOT name = 'sqlite_sequence'
[0m
  [1m[35mSQL (24.3ms)[0m  CREATE TABLE "editors" ("id" INTEGER PRIMARY KEY AUTOINCREMENT NOT NULL, "email" varchar(255) DEFAULT '' NOT NULL, "encrypted_password" varchar(128) DEFAULT '' NOT NULL, "password_salt" varchar(255) DEFAULT '' NOT NULL, "reset_password_token" varchar(255), "remember_token" varchar(255), "remember_created_at" datetime, "sign_in_count" integer DEFAULT 0, "current_sign_in_at" datetime, "last_sign_in_at" datetime, "current_sign_in_ip" varchar(255), "last_sign_in_ip" varchar(255), "created_at" datetime, "updated_at" datetime) 
  [1m[36mSQL (0.4ms)[0m  [1mPRAGMA index_list("editors")[0m
  [1m[35mSQL (20.3ms)[0m  CREATE UNIQUE INDEX "index_editors_on_email" ON "editors" ("email")
  [1m[36mSQL (0.8ms)[0m  [1mPRAGMA index_list("editors")[0m
  [1m[35mSQL (0.9ms)[0m  PRAGMA index_info('index_editors_on_email')
  [1m[36mSQL (26.2ms)[0m  [1mCREATE UNIQUE INDEX "index_editors_on_reset_password_token" ON "editors" ("reset_password_token")[0m
  [1m[35mSQL (1.2ms)[0m   SELECT name
 FROM sqlite_master
 WHERE type = 'table' AND NOT name = 'sqlite_sequence'
  [1m[36mSQL (20.3ms)[0m  [1mCREATE TABLE "schema_migrations" ("version" varchar(255) NOT NULL) [0m
  [1m[35mSQL (0.3ms)[0m  PRAGMA index_list("schema_migrations")
  [1m[36mSQL (25.0ms)[0m  [1mCREATE UNIQUE INDEX "unique_schema_migrations" ON "schema_migrations" ("version")[0m
  [1m[35mSQL (2.5ms)[0m   SELECT name
 FROM sqlite_master
 WHERE type = 'table' AND NOT name = 'sqlite_sequence'
  [1m[36mSQL (0.5ms)[0m  [1mSELECT version FROM "schema_migrations"[0m
  [1m[35mSQL (16.2ms)[0m  INSERT INTO "schema_migrations" (version) VALUES ('20110204224241')
  [1m[36mSQL (25.2ms)[0m  [1mINSERT INTO "schema_migrations" (version) VALUES ('20101206193222')[0m
  [1m[35mSQL (17.5ms)[0m  INSERT INTO "schema_migrations" (version) VALUES ('20101206193245')
DEPRECATION WARNING: The I18n message 'devise.mailer.confirmation_instructions' is deprecated. Please use 'devise.mailer.confirmation_instructions.subject' instead. (called from <top (required)> at /home/adam/RubyOnRails/CeeMeS/config/environment.rb:5)
DEPRECATION WARNING: The I18n message 'devise.mailer.reset_password_instructions' is deprecated. Please use 'devise.mailer.reset_password_instructions.subject' instead. (called from <top (required)> at /home/adam/RubyOnRails/CeeMeS/config/environment.rb:5)
DEPRECATION WARNING: The I18n message 'devise.mailer.unlock_instructions' is deprecated. Please use 'devise.mailer.unlock_instructions.subject' instead. (called from <top (required)> at /home/adam/RubyOnRails/CeeMeS/config/environment.rb:5)
  [1m[36mSQL (2.1ms)[0m  [1m SELECT name
 FROM sqlite_master
 WHERE type = 'table' AND NOT name = 'sqlite_sequence'
[0m
  [1m[35mSQL (0.8ms)[0m   SELECT name
 FROM sqlite_master
 WHERE type = 'table' AND NOT name = 'sqlite_sequence'
  [1m[36mSQL (0.7ms)[0m  [1mSELECT "schema_migrations"."version" FROM "schema_migrations"[0m
  [1m[35mSQL (0.4ms)[0m  select sqlite_version(*)
  [1m[36mSQL (0.5ms)[0m  [1m SELECT name
 FROM sqlite_master
 WHERE type = 'table' AND NOT name = 'sqlite_sequence'
[0m
  [1m[35mSQL (704.1ms)[0m  CREATE TABLE "articles" ("id" INTEGER PRIMARY KEY AUTOINCREMENT NOT NULL, "title" varchar(255), "content" varchar(255), "category_id" integer, "created_at" datetime, "updated_at" datetime) 
  [1m[36mSQL (0.9ms)[0m  [1m SELECT name
 FROM sqlite_master
 WHERE type = 'table' AND NOT name = 'sqlite_sequence'
[0m
  [1m[35mSQL (28.4ms)[0m  CREATE TABLE "categories" ("id" INTEGER PRIMARY KEY AUTOINCREMENT NOT NULL, "name" varchar(255), "created_at" datetime, "updated_at" datetime) 
  [1m[36mSQL (1.1ms)[0m  [1m SELECT name
 FROM sqlite_master
 WHERE type = 'table' AND NOT name = 'sqlite_sequence'
[0m
  [1m[35mSQL (23.8ms)[0m  CREATE TABLE "editors" ("id" INTEGER PRIMARY KEY AUTOINCREMENT NOT NULL, "email" varchar(255) DEFAULT '' NOT NULL, "encrypted_password" varchar(128) DEFAULT '' NOT NULL, "password_salt" varchar(255) DEFAULT '' NOT NULL, "reset_password_token" varchar(255), "remember_token" varchar(255), "remember_created_at" datetime, "sign_in_count" integer DEFAULT 0, "current_sign_in_at" datetime, "last_sign_in_at" datetime, "current_sign_in_ip" varchar(255), "last_sign_in_ip" varchar(255), "created_at" datetime, "updated_at" datetime) 
  [1m[36mSQL (0.2ms)[0m  [1mPRAGMA index_list("editors")[0m
  [1m[35mSQL (25.3ms)[0m  CREATE UNIQUE INDEX "index_editors_on_email" ON "editors" ("email")
  [1m[36mSQL (0.9ms)[0m  [1mPRAGMA index_list("editors")[0m
  [1m[35mSQL (0.8ms)[0m  PRAGMA index_info('index_editors_on_email')
  [1m[36mSQL (26.2ms)[0m  [1mCREATE UNIQUE INDEX "index_editors_on_reset_password_token" ON "editors" ("reset_password_token")[0m
  [1m[35mSQL (1.2ms)[0m   SELECT name
 FROM sqlite_master
 WHERE type = 'table' AND NOT name = 'sqlite_sequence'
  [1m[36mSQL (26.6ms)[0m  [1mCREATE TABLE "schema_migrations" ("version" varchar(255) NOT NULL) [0m
  [1m[35mSQL (0.3ms)[0m  PRAGMA index_list("schema_migrations")
  [1m[36mSQL (24.7ms)[0m  [1mCREATE UNIQUE INDEX "unique_schema_migrations" ON "schema_migrations" ("version")[0m
  [1m[35mSQL (2.3ms)[0m   SELECT name
 FROM sqlite_master
 WHERE type = 'table' AND NOT name = 'sqlite_sequence'
  [1m[36mSQL (0.6ms)[0m  [1mSELECT version FROM "schema_migrations"[0m
  [1m[35mSQL (24.1ms)[0m  INSERT INTO "schema_migrations" (version) VALUES ('20110204224241')
  [1m[36mSQL (26.2ms)[0m  [1mINSERT INTO "schema_migrations" (version) VALUES ('20101206193222')[0m
  [1m[35mSQL (25.1ms)[0m  INSERT INTO "schema_migrations" (version) VALUES ('20101206193245')
DEPRECATION WARNING: The I18n message 'devise.mailer.confirmation_instructions' is deprecated. Please use 'devise.mailer.confirmation_instructions.subject' instead. (called from <top (required)> at /home/adam/RubyOnRails/CeeMeS/config/environment.rb:5)
DEPRECATION WARNING: The I18n message 'devise.mailer.reset_password_instructions' is deprecated. Please use 'devise.mailer.reset_password_instructions.subject' instead. (called from <top (required)> at /home/adam/RubyOnRails/CeeMeS/config/environment.rb:5)
DEPRECATION WARNING: The I18n message 'devise.mailer.unlock_instructions' is deprecated. Please use 'devise.mailer.unlock_instructions.subject' instead. (called from <top (required)> at /home/adam/RubyOnRails/CeeMeS/config/environment.rb:5)
  [1m[36mSQL (2.0ms)[0m  [1m SELECT name
 FROM sqlite_master
 WHERE type = 'table' AND NOT name = 'sqlite_sequence'
[0m
  [1m[35mSQL (0.8ms)[0m   SELECT name
 FROM sqlite_master
 WHERE type = 'table' AND NOT name = 'sqlite_sequence'
  [1m[36mSQL (0.7ms)[0m  [1mSELECT "schema_migrations"."version" FROM "schema_migrations"[0m
  [1m[35mSQL (0.4ms)[0m  select sqlite_version(*)
  [1m[36mSQL (0.5ms)[0m  [1m SELECT name
 FROM sqlite_master
 WHERE type = 'table' AND NOT name = 'sqlite_sequence'
[0m
  [1m[35mSQL (710.1ms)[0m  CREATE TABLE "articles" ("id" INTEGER PRIMARY KEY AUTOINCREMENT NOT NULL, "title" varchar(255), "content" varchar(255), "category_id" integer, "created_at" datetime, "updated_at" datetime) 
  [1m[36mSQL (0.9ms)[0m  [1m SELECT name
 FROM sqlite_master
 WHERE type = 'table' AND NOT name = 'sqlite_sequence'
[0m
  [1m[35mSQL (27.4ms)[0m  CREATE TABLE "categories" ("id" INTEGER PRIMARY KEY AUTOINCREMENT NOT NULL, "name" varchar(255), "created_at" datetime, "updated_at" datetime) 
  [1m[36mSQL (2.1ms)[0m  [1m SELECT name
 FROM sqlite_master
 WHERE type = 'table' AND NOT name = 'sqlite_sequence'
[0m
  [1m[35mSQL (22.2ms)[0m  CREATE TABLE "editors" ("id" INTEGER PRIMARY KEY AUTOINCREMENT NOT NULL, "email" varchar(255) DEFAULT '' NOT NULL, "encrypted_password" varchar(128) DEFAULT '' NOT NULL, "password_salt" varchar(255) DEFAULT '' NOT NULL, "reset_password_token" varchar(255), "remember_token" varchar(255), "remember_created_at" datetime, "sign_in_count" integer DEFAULT 0, "current_sign_in_at" datetime, "last_sign_in_at" datetime, "current_sign_in_ip" varchar(255), "last_sign_in_ip" varchar(255), "created_at" datetime, "updated_at" datetime) 
  [1m[36mSQL (0.3ms)[0m  [1mPRAGMA index_list("editors")[0m
  [1m[35mSQL (24.8ms)[0m  CREATE UNIQUE INDEX "index_editors_on_email" ON "editors" ("email")
  [1m[36mSQL (0.9ms)[0m  [1mPRAGMA index_list("editors")[0m
  [1m[35mSQL (0.7ms)[0m  PRAGMA index_info('index_editors_on_email')
  [1m[36mSQL (25.2ms)[0m  [1mCREATE UNIQUE INDEX "index_editors_on_reset_password_token" ON "editors" ("reset_password_token")[0m
  [1m[35mSQL (1.1ms)[0m   SELECT name
 FROM sqlite_master
 WHERE type = 'table' AND NOT name = 'sqlite_sequence'
  [1m[36mSQL (27.8ms)[0m  [1mCREATE TABLE "schema_migrations" ("version" varchar(255) NOT NULL) [0m
  [1m[35mSQL (0.3ms)[0m  PRAGMA index_list("schema_migrations")
  [1m[36mSQL (24.8ms)[0m  [1mCREATE UNIQUE INDEX "unique_schema_migrations" ON "schema_migrations" ("version")[0m
  [1m[35mSQL (1.4ms)[0m   SELECT name
 FROM sqlite_master
 WHERE type = 'table' AND NOT name = 'sqlite_sequence'
  [1m[36mSQL (0.5ms)[0m  [1mSELECT version FROM "schema_migrations"[0m
  [1m[35mSQL (25.4ms)[0m  INSERT INTO "schema_migrations" (version) VALUES ('20110204224241')
  [1m[36mSQL (27.8ms)[0m  [1mINSERT INTO "schema_migrations" (version) VALUES ('20101206193222')[0m
  [1m[35mSQL (24.7ms)[0m  INSERT INTO "schema_migrations" (version) VALUES ('20101206193245')
DEPRECATION WARNING: The I18n message 'devise.mailer.confirmation_instructions' is deprecated. Please use 'devise.mailer.confirmation_instructions.subject' instead. (called from <top (required)> at /home/adam/RubyOnRails/CeeMeS/config/environment.rb:5)
DEPRECATION WARNING: The I18n message 'devise.mailer.reset_password_instructions' is deprecated. Please use 'devise.mailer.reset_password_instructions.subject' instead. (called from <top (required)> at /home/adam/RubyOnRails/CeeMeS/config/environment.rb:5)
DEPRECATION WARNING: The I18n message 'devise.mailer.unlock_instructions' is deprecated. Please use 'devise.mailer.unlock_instructions.subject' instead. (called from <top (required)> at /home/adam/RubyOnRails/CeeMeS/config/environment.rb:5)
  [1m[36mSQL (2.3ms)[0m  [1m SELECT name
 FROM sqlite_master
 WHERE type = 'table' AND NOT name = 'sqlite_sequence'
[0m
  [1m[35mSQL (1.1ms)[0m   SELECT name
 FROM sqlite_master
 WHERE type = 'table' AND NOT name = 'sqlite_sequence'
  [1m[36mSQL (0.7ms)[0m  [1mSELECT "schema_migrations"."version" FROM "schema_migrations"[0m
  [1m[35mSQL (0.5ms)[0m  select sqlite_version(*)
  [1m[36mSQL (0.5ms)[0m  [1m SELECT name
 FROM sqlite_master
 WHERE type = 'table' AND NOT name = 'sqlite_sequence'
[0m
  [1m[35mSQL (645.6ms)[0m  CREATE TABLE "articles" ("id" INTEGER PRIMARY KEY AUTOINCREMENT NOT NULL, "title" varchar(255), "content" varchar(255), "category_id" integer, "created_at" datetime, "updated_at" datetime) 
  [1m[36mSQL (0.9ms)[0m  [1m SELECT name
 FROM sqlite_master
 WHERE type = 'table' AND NOT name = 'sqlite_sequence'
[0m
  [1m[35mSQL (28.8ms)[0m  CREATE TABLE "categories" ("id" INTEGER PRIMARY KEY AUTOINCREMENT NOT NULL, "name" varchar(255), "created_at" datetime, "updated_at" datetime) 
  [1m[36mSQL (1.0ms)[0m  [1m SELECT name
 FROM sqlite_master
 WHERE type = 'table' AND NOT name = 'sqlite_sequence'
[0m
  [1m[35mSQL (22.6ms)[0m  CREATE TABLE "editors" ("id" INTEGER PRIMARY KEY AUTOINCREMENT NOT NULL, "email" varchar(255) DEFAULT '' NOT NULL, "encrypted_password" varchar(128) DEFAULT '' NOT NULL, "password_salt" varchar(255) DEFAULT '' NOT NULL, "reset_password_token" varchar(255), "remember_token" varchar(255), "remember_created_at" datetime, "sign_in_count" integer DEFAULT 0, "current_sign_in_at" datetime, "last_sign_in_at" datetime, "current_sign_in_ip" varchar(255), "last_sign_in_ip" varchar(255), "created_at" datetime, "updated_at" datetime) 
  [1m[36mSQL (0.3ms)[0m  [1mPRAGMA index_list("editors")[0m
  [1m[35mSQL (25.3ms)[0m  CREATE UNIQUE INDEX "index_editors_on_email" ON "editors" ("email")
  [1m[36mSQL (0.9ms)[0m  [1mPRAGMA index_list("editors")[0m
  [1m[35mSQL (0.7ms)[0m  PRAGMA index_info('index_editors_on_email')
  [1m[36mSQL (25.0ms)[0m  [1mCREATE UNIQUE INDEX "index_editors_on_reset_password_token" ON "editors" ("reset_password_token")[0m
  [1m[35mSQL (1.1ms)[0m   SELECT name
 FROM sqlite_master
 WHERE type = 'table' AND NOT name = 'sqlite_sequence'
  [1m[36mSQL (27.2ms)[0m  [1mCREATE TABLE "schema_migrations" ("version" varchar(255) NOT NULL) [0m
  [1m[35mSQL (0.6ms)[0m  PRAGMA index_list("schema_migrations")
  [1m[36mSQL (25.4ms)[0m  [1mCREATE UNIQUE INDEX "unique_schema_migrations" ON "schema_migrations" ("version")[0m
  [1m[35mSQL (1.3ms)[0m   SELECT name
 FROM sqlite_master
 WHERE type = 'table' AND NOT name = 'sqlite_sequence'
  [1m[36mSQL (0.8ms)[0m  [1mSELECT version FROM "schema_migrations"[0m
  [1m[35mSQL (25.7ms)[0m  INSERT INTO "schema_migrations" (version) VALUES ('20110204224241')
  [1m[36mSQL (27.9ms)[0m  [1mINSERT INTO "schema_migrations" (version) VALUES ('20101206193222')[0m
  [1m[35mSQL (24.7ms)[0m  INSERT INTO "schema_migrations" (version) VALUES ('20101206193245')
DEPRECATION WARNING: The I18n message 'devise.mailer.confirmation_instructions' is deprecated. Please use 'devise.mailer.confirmation_instructions.subject' instead. (called from <top (required)> at /home/adam/RubyOnRails/CeeMeS/config/environment.rb:5)
DEPRECATION WARNING: The I18n message 'devise.mailer.reset_password_instructions' is deprecated. Please use 'devise.mailer.reset_password_instructions.subject' instead. (called from <top (required)> at /home/adam/RubyOnRails/CeeMeS/config/environment.rb:5)
DEPRECATION WARNING: The I18n message 'devise.mailer.unlock_instructions' is deprecated. Please use 'devise.mailer.unlock_instructions.subject' instead. (called from <top (required)> at /home/adam/RubyOnRails/CeeMeS/config/environment.rb:5)
  [1m[36mSQL (2.4ms)[0m  [1m SELECT name
 FROM sqlite_master
 WHERE type = 'table' AND NOT name = 'sqlite_sequence'
[0m
  [1m[35mSQL (0.8ms)[0m   SELECT name
 FROM sqlite_master
 WHERE type = 'table' AND NOT name = 'sqlite_sequence'
  [1m[36mSQL (0.6ms)[0m  [1mSELECT "schema_migrations"."version" FROM "schema_migrations"[0m
  [1m[35mSQL (0.5ms)[0m  select sqlite_version(*)
  [1m[36mSQL (0.5ms)[0m  [1m SELECT name
 FROM sqlite_master
 WHERE type = 'table' AND NOT name = 'sqlite_sequence'
[0m
  [1m[35mSQL (41.5ms)[0m  CREATE TABLE "articles" ("id" INTEGER PRIMARY KEY AUTOINCREMENT NOT NULL, "title" varchar(255), "content" varchar(255), "category_id" integer, "created_at" datetime, "updated_at" datetime) 
  [1m[36mSQL (0.9ms)[0m  [1m SELECT name
 FROM sqlite_master
 WHERE type = 'table' AND NOT name = 'sqlite_sequence'
[0m
  [1m[35mSQL (21.7ms)[0m  CREATE TABLE "categories" ("id" INTEGER PRIMARY KEY AUTOINCREMENT NOT NULL, "name" varchar(255), "created_at" datetime, "updated_at" datetime) 
  [1m[36mSQL (1.0ms)[0m  [1m SELECT name
 FROM sqlite_master
 WHERE type = 'table' AND NOT name = 'sqlite_sequence'
[0m
  [1m[35mSQL (24.7ms)[0m  CREATE TABLE "editors" ("id" INTEGER PRIMARY KEY AUTOINCREMENT NOT NULL, "email" varchar(255) DEFAULT '' NOT NULL, "encrypted_password" varchar(128) DEFAULT '' NOT NULL, "password_salt" varchar(255) DEFAULT '' NOT NULL, "reset_password_token" varchar(255), "remember_token" varchar(255), "remember_created_at" datetime, "sign_in_count" integer DEFAULT 0, "current_sign_in_at" datetime, "last_sign_in_at" datetime, "current_sign_in_ip" varchar(255), "last_sign_in_ip" varchar(255), "created_at" datetime, "updated_at" datetime) 
  [1m[36mSQL (0.2ms)[0m  [1mPRAGMA index_list("editors")[0m
  [1m[35mSQL (19.6ms)[0m  CREATE UNIQUE INDEX "index_editors_on_email" ON "editors" ("email")
  [1m[36mSQL (0.8ms)[0m  [1mPRAGMA index_list("editors")[0m
  [1m[35mSQL (0.8ms)[0m  PRAGMA index_info('index_editors_on_email')
  [1m[36mSQL (25.1ms)[0m  [1mCREATE UNIQUE INDEX "index_editors_on_reset_password_token" ON "editors" ("reset_password_token")[0m
  [1m[35mSQL (1.6ms)[0m   SELECT name
 FROM sqlite_master
 WHERE type = 'table' AND NOT name = 'sqlite_sequence'
  [1m[36mSQL (22.5ms)[0m  [1mCREATE TABLE "schema_migrations" ("version" varchar(255) NOT NULL) [0m
  [1m[35mSQL (0.4ms)[0m  PRAGMA index_list("schema_migrations")
  [1m[36mSQL (20.8ms)[0m  [1mCREATE UNIQUE INDEX "unique_schema_migrations" ON "schema_migrations" ("version")[0m
  [1m[35mSQL (1.3ms)[0m   SELECT name
 FROM sqlite_master
 WHERE type = 'table' AND NOT name = 'sqlite_sequence'
  [1m[36mSQL (0.5ms)[0m  [1mSELECT version FROM "schema_migrations"[0m
  [1m[35mSQL (20.1ms)[0m  INSERT INTO "schema_migrations" (version) VALUES ('20110204224241')
  [1m[36mSQL (24.1ms)[0m  [1mINSERT INTO "schema_migrations" (version) VALUES ('20101206193222')[0m
  [1m[35mSQL (18.5ms)[0m  INSERT INTO "schema_migrations" (version) VALUES ('20101206193245')
  [1m[36mSQL (2.1ms)[0m  [1m SELECT name
 FROM sqlite_master
 WHERE type = 'table' AND NOT name = 'sqlite_sequence'
[0m
  [1m[35mSQL (0.8ms)[0m   SELECT name
 FROM sqlite_master
 WHERE type = 'table' AND NOT name = 'sqlite_sequence'
  [1m[36mSQL (0.7ms)[0m  [1mSELECT "schema_migrations"."version" FROM "schema_migrations"[0m
  [1m[35mSQL (0.4ms)[0m  select sqlite_version(*)
  [1m[36mSQL (0.6ms)[0m  [1m SELECT name
 FROM sqlite_master
 WHERE type = 'table' AND NOT name = 'sqlite_sequence'
[0m
  [1m[35mSQL (478.7ms)[0m  CREATE TABLE "articles" ("id" INTEGER PRIMARY KEY AUTOINCREMENT NOT NULL, "title" varchar(255), "content" varchar(255), "category_id" integer, "created_at" datetime, "updated_at" datetime) 
  [1m[36mSQL (0.9ms)[0m  [1m SELECT name
 FROM sqlite_master
 WHERE type = 'table' AND NOT name = 'sqlite_sequence'
[0m
  [1m[35mSQL (23.1ms)[0m  CREATE TABLE "categories" ("id" INTEGER PRIMARY KEY AUTOINCREMENT NOT NULL, "name" varchar(255), "created_at" datetime, "updated_at" datetime) 
  [1m[36mSQL (1.1ms)[0m  [1m SELECT name
 FROM sqlite_master
 WHERE type = 'table' AND NOT name = 'sqlite_sequence'
[0m
  [1m[35mSQL (24.9ms)[0m  CREATE TABLE "editors" ("id" INTEGER PRIMARY KEY AUTOINCREMENT NOT NULL, "email" varchar(255) DEFAULT '' NOT NULL, "encrypted_password" varchar(128) DEFAULT '' NOT NULL, "password_salt" varchar(255) DEFAULT '' NOT NULL, "reset_password_token" varchar(255), "remember_token" varchar(255), "remember_created_at" datetime, "sign_in_count" integer DEFAULT 0, "current_sign_in_at" datetime, "last_sign_in_at" datetime, "current_sign_in_ip" varchar(255), "last_sign_in_ip" varchar(255), "created_at" datetime, "updated_at" datetime) 
  [1m[36mSQL (0.3ms)[0m  [1mPRAGMA index_list("editors")[0m
  [1m[35mSQL (20.3ms)[0m  CREATE UNIQUE INDEX "index_editors_on_email" ON "editors" ("email")
  [1m[36mSQL (0.8ms)[0m  [1mPRAGMA index_list("editors")[0m
  [1m[35mSQL (0.7ms)[0m  PRAGMA index_info('index_editors_on_email')
  [1m[36mSQL (27.8ms)[0m  [1mCREATE UNIQUE INDEX "index_editors_on_reset_password_token" ON "editors" ("reset_password_token")[0m
  [1m[35mSQL (1.2ms)[0m   SELECT name
 FROM sqlite_master
 WHERE type = 'table' AND NOT name = 'sqlite_sequence'
  [1m[36mSQL (27.9ms)[0m  [1mCREATE TABLE "schema_migrations" ("version" varchar(255) NOT NULL) [0m
  [1m[35mSQL (0.4ms)[0m  PRAGMA index_list("schema_migrations")
  [1m[36mSQL (25.0ms)[0m  [1mCREATE UNIQUE INDEX "unique_schema_migrations" ON "schema_migrations" ("version")[0m
  [1m[35mSQL (1.3ms)[0m   SELECT name
 FROM sqlite_master
 WHERE type = 'table' AND NOT name = 'sqlite_sequence'
  [1m[36mSQL (0.5ms)[0m  [1mSELECT version FROM "schema_migrations"[0m
  [1m[35mSQL (19.0ms)[0m  INSERT INTO "schema_migrations" (version) VALUES ('20110204224241')
  [1m[36mSQL (26.8ms)[0m  [1mINSERT INTO "schema_migrations" (version) VALUES ('20101206193222')[0m
  [1m[35mSQL (19.9ms)[0m  INSERT INTO "schema_migrations" (version) VALUES ('20101206193245')
  [1m[36mSQL (2.6ms)[0m  [1m SELECT name
 FROM sqlite_master
 WHERE type = 'table' AND NOT name = 'sqlite_sequence'
[0m
  [1m[35mSQL (0.8ms)[0m   SELECT name
 FROM sqlite_master
 WHERE type = 'table' AND NOT name = 'sqlite_sequence'
  [1m[36mSQL (0.6ms)[0m  [1mSELECT "schema_migrations"."version" FROM "schema_migrations"[0m
  [1m[35mSQL (0.8ms)[0m  select sqlite_version(*)
  [1m[36mSQL (0.5ms)[0m  [1m SELECT name
 FROM sqlite_master
 WHERE type = 'table' AND NOT name = 'sqlite_sequence'
[0m
  [1m[35mSQL (25.8ms)[0m  CREATE TABLE "articles" ("id" INTEGER PRIMARY KEY AUTOINCREMENT NOT NULL, "title" varchar(255), "content" varchar(255), "category_id" integer, "created_at" datetime, "updated_at" datetime) 
  [1m[36mSQL (2.7ms)[0m  [1m SELECT name
 FROM sqlite_master
 WHERE type = 'table' AND NOT name = 'sqlite_sequence'
[0m
  [1m[35mSQL (24.7ms)[0m  CREATE TABLE "categories" ("id" INTEGER PRIMARY KEY AUTOINCREMENT NOT NULL, "name" varchar(255), "created_at" datetime, "updated_at" datetime) 
  [1m[36mSQL (1.8ms)[0m  [1m SELECT name
 FROM sqlite_master
 WHERE type = 'table' AND NOT name = 'sqlite_sequence'
[0m
  [1m[35mSQL (26.5ms)[0m  CREATE TABLE "editors" ("id" INTEGER PRIMARY KEY AUTOINCREMENT NOT NULL, "email" varchar(255) DEFAULT '' NOT NULL, "encrypted_password" varchar(128) DEFAULT '' NOT NULL, "password_salt" varchar(255) DEFAULT '' NOT NULL, "reset_password_token" varchar(255), "remember_token" varchar(255), "remember_created_at" datetime, "sign_in_count" integer DEFAULT 0, "current_sign_in_at" datetime, "last_sign_in_at" datetime, "current_sign_in_ip" varchar(255), "last_sign_in_ip" varchar(255), "created_at" datetime, "updated_at" datetime) 
  [1m[36mSQL (0.3ms)[0m  [1mPRAGMA index_list("editors")[0m
  [1m[35mSQL (28.5ms)[0m  CREATE UNIQUE INDEX "index_editors_on_email" ON "editors" ("email")
  [1m[36mSQL (0.8ms)[0m  [1mPRAGMA index_list("editors")[0m
  [1m[35mSQL (0.8ms)[0m  PRAGMA index_info('index_editors_on_email')
  [1m[36mSQL (29.6ms)[0m  [1mCREATE UNIQUE INDEX "index_editors_on_reset_password_token" ON "editors" ("reset_password_token")[0m
  [1m[35mSQL (1.2ms)[0m   SELECT name
 FROM sqlite_master
 WHERE type = 'table' AND NOT name = 'sqlite_sequence'
  [1m[36mSQL (26.9ms)[0m  [1mCREATE TABLE "schema_migrations" ("version" varchar(255) NOT NULL) [0m
  [1m[35mSQL (0.3ms)[0m  PRAGMA index_list("schema_migrations")
  [1m[36mSQL (29.6ms)[0m  [1mCREATE UNIQUE INDEX "unique_schema_migrations" ON "schema_migrations" ("version")[0m
  [1m[35mSQL (1.3ms)[0m   SELECT name
 FROM sqlite_master
 WHERE type = 'table' AND NOT name = 'sqlite_sequence'
  [1m[36mSQL (0.5ms)[0m  [1mSELECT version FROM "schema_migrations"[0m
  [1m[35mSQL (22.8ms)[0m  INSERT INTO "schema_migrations" (version) VALUES ('20110204224241')
  [1m[36mSQL (2522.6ms)[0m  [1mINSERT INTO "schema_migrations" (version) VALUES ('20101206193222')[0m
  [1m[35mSQL (28.2ms)[0m  INSERT INTO "schema_migrations" (version) VALUES ('20101206193245')


Started GET "/" for 127.0.0.1 at 2011-02-06 14:57:41 +0100
  [1m[36mSQL (2.0ms)[0m  [1m SELECT name
 FROM sqlite_master
 WHERE type = 'table' AND NOT name = 'sqlite_sequence'
[0m
  [1m[35mCategory Load (0.4ms)[0m  SELECT "categories".* FROM "categories"
  [1m[36mArticle Load (0.5ms)[0m  [1mSELECT "articles".* FROM "articles"[0m
  Processing by ArticlesController#index as HTML
  [1m[35mArticle Load (1.0ms)[0m  SELECT "articles".* FROM "articles" ORDER BY created_at DESC LIMIT 5 OFFSET 0
  [1m[36mCACHE (0.0ms)[0m  [1mSELECT "categories".* FROM "categories"[0m
  [1m[35mCACHE (0.0ms)[0m  SELECT "categories".* FROM "categories"
Rendered articles/index.html.erb within layouts/application (27.4ms)
Completed 200 OK in 42ms (Views: 35.5ms | ActiveRecord: 3.8ms)
